{ spreadsheetId: '1iDy0cQwwqYt8r0sXkboT7lpAu7PbN2lABPBki0cV16Y',
  tableRange: '\'Página1\'!A1:C2',
  updates: 
   { spreadsheetId: '1iDy0cQwwqYt8r0sXkboT7lpAu7PbN2lABPBki0cV16Y',
     updatedRange: '\'Página1\'!A3:C3',
     updatedRows: 1,
     updatedColumns: 3,
     updatedCells: 3 } }
{ spreadsheetId: '1iDy0cQwwqYt8r0sXkboT7lpAu7PbN2lABPBki0cV16Y',
  tableRange: '\'Página1\'!A1:C3',
  updates: 
   { spreadsheetId: '1iDy0cQwwqYt8r0sXkboT7lpAu7PbN2lABPBki0cV16Y',
     updatedRange: '\'Página1\'!A4:C4',
     updatedRows: 1,
     updatedColumns: 3,
     updatedCells: 3 } }
{ spreadsheetId: '1iDy0cQwwqYt8r0sXkboT7lpAu7PbN2lABPBki0cV16Y',
  tableRange: '\'Página1\'!A1:C4',
  updates: 
   { spreadsheetId: '1iDy0cQwwqYt8r0sXkboT7lpAu7PbN2lABPBki0cV16Y',
     updatedRange: '\'Página1\'!A5:C5',
     updatedRows: 1,
     updatedColumns: 3,
     updatedCells: 3 } }
{ spreadsheetId: '1iDy0cQwwqYt8r0sXkboT7lpAu7PbN2lABPBki0cV16Y',
  tableRange: '\'Página1\'!A1:C5',
  updates: 
   { spreadsheetId: '1iDy0cQwwqYt8r0sXkboT7lpAu7PbN2lABPBki0cV16Y',
     updatedRange: '\'Página1\'!A6:C6',
     updatedRows: 1,
     updatedColumns: 3,
     updatedCells: 3 } }
{ spreadsheetId: '1iDy0cQwwqYt8r0sXkboT7lpAu7PbN2lABPBki0cV16Y',
  tableRange: '\'Página1\'!A1:C6',
  updates: 
   { spreadsheetId: '1iDy0cQwwqYt8r0sXkboT7lpAu7PbN2lABPBki0cV16Y',
     updatedRange: '\'Página1\'!A7:C7',
     updatedRows: 1,
     updatedColumns: 3,
     updatedCells: 3 } }
{ spreadsheetId: '1iDy0cQwwqYt8r0sXkboT7lpAu7PbN2lABPBki0cV16Y',
  tableRange: '\'Página1\'!A1:C7',
  updates: 
   { spreadsheetId: '1iDy0cQwwqYt8r0sXkboT7lpAu7PbN2lABPBki0cV16Y',
     updatedRange: '\'Página1\'!A8:C8',
     updatedRows: 1,
     updatedColumns: 3,
     updatedCells: 3 } }
{ spreadsheetId: '1iDy0cQwwqYt8r0sXkboT7lpAu7PbN2lABPBki0cV16Y',
  tableRange: '\'Página1\'!A1:C8',
  updates: 
   { spreadsheetId: '1iDy0cQwwqYt8r0sXkboT7lpAu7PbN2lABPBki0cV16Y',
     updatedRange: '\'Página1\'!A9:C9',
     updatedRows: 1,
     updatedColumns: 3,
     updatedCells: 3 } }
{ spreadsheetId: '1iDy0cQwwqYt8r0sXkboT7lpAu7PbN2lABPBki0cV16Y',
  tableRange: '\'Página1\'!A1:C9',
  updates: 
   { spreadsheetId: '1iDy0cQwwqYt8r0sXkboT7lpAu7PbN2lABPBki0cV16Y',
     updatedRange: '\'Página1\'!A10:C10',
     updatedRows: 1,
     updatedColumns: 3,
     updatedCells: 3 } }
{ spreadsheetId: '1iDy0cQwwqYt8r0sXkboT7lpAu7PbN2lABPBki0cV16Y',
  tableRange: '\'Página1\'!A1:C10',
  updates: 
   { spreadsheetId: '1iDy0cQwwqYt8r0sXkboT7lpAu7PbN2lABPBki0cV16Y',
     updatedRange: '\'Página1\'!A11:C11',
     updatedRows: 1,
     updatedColumns: 3,
     updatedCells: 3 } }
{ spreadsheetId: '1iDy0cQwwqYt8r0sXkboT7lpAu7PbN2lABPBki0cV16Y',
  tableRange: '\'Página1\'!A1:C11',
  updates: 
   { spreadsheetId: '1iDy0cQwwqYt8r0sXkboT7lpAu7PbN2lABPBki0cV16Y',
     updatedRange: '\'Página1\'!A12:C12',
     updatedRows: 1,
     updatedColumns: 3,
     updatedCells: 3 } }
{ spreadsheetId: '1iDy0cQwwqYt8r0sXkboT7lpAu7PbN2lABPBki0cV16Y',
  tableRange: '\'Página1\'!A1:C12',
  updates: 
   { spreadsheetId: '1iDy0cQwwqYt8r0sXkboT7lpAu7PbN2lABPBki0cV16Y',
     updatedRange: '\'Página1\'!A13:C13',
     updatedRows: 1,
     updatedColumns: 3,
     updatedCells: 3 } }
{ spreadsheetId: '1iDy0cQwwqYt8r0sXkboT7lpAu7PbN2lABPBki0cV16Y',
  tableRange: '\'Página1\'!A1:C13',
  updates: 
   { spreadsheetId: '1iDy0cQwwqYt8r0sXkboT7lpAu7PbN2lABPBki0cV16Y',
     updatedRange: '\'Página1\'!A14:C14',
     updatedRows: 1,
     updatedColumns: 3,
     updatedCells: 3 } }
{ spreadsheetId: '1iDy0cQwwqYt8r0sXkboT7lpAu7PbN2lABPBki0cV16Y',
  tableRange: '\'Página1\'!A1:C14',
  updates: 
   { spreadsheetId: '1iDy0cQwwqYt8r0sXkboT7lpAu7PbN2lABPBki0cV16Y',
     updatedRange: '\'Página1\'!A15:C15',
     updatedRows: 1,
     updatedColumns: 3,
     updatedCells: 3 } }
{ spreadsheetId: '1iDy0cQwwqYt8r0sXkboT7lpAu7PbN2lABPBki0cV16Y',
  tableRange: '\'Página1\'!A1:C15',
  updates: 
   { spreadsheetId: '1iDy0cQwwqYt8r0sXkboT7lpAu7PbN2lABPBki0cV16Y',
     updatedRange: '\'Página1\'!A16:C16',
     updatedRows: 1,
     updatedColumns: 3,
     updatedCells: 3 } }
{ spreadsheetId: '1iDy0cQwwqYt8r0sXkboT7lpAu7PbN2lABPBki0cV16Y',
  tableRange: '\'Página1\'!A1:C16',
  updates: 
   { spreadsheetId: '1iDy0cQwwqYt8r0sXkboT7lpAu7PbN2lABPBki0cV16Y',
     updatedRange: '\'Página1\'!A17:C17',
     updatedRows: 1,
     updatedColumns: 3,
     updatedCells: 3 } }
{ spreadsheetId: '1iDy0cQwwqYt8r0sXkboT7lpAu7PbN2lABPBki0cV16Y',
  tableRange: '\'Página1\'!A1:C17',
  updates: 
   { spreadsheetId: '1iDy0cQwwqYt8r0sXkboT7lpAu7PbN2lABPBki0cV16Y',
     updatedRange: '\'Página1\'!A18:C18',
     updatedRows: 1,
     updatedColumns: 3,
     updatedCells: 3 } }
{ spreadsheetId: '1iDy0cQwwqYt8r0sXkboT7lpAu7PbN2lABPBki0cV16Y',
  tableRange: '\'Página1\'!A1:C18',
  updates: 
   { spreadsheetId: '1iDy0cQwwqYt8r0sXkboT7lpAu7PbN2lABPBki0cV16Y',
     updatedRange: '\'Página1\'!A19:C19',
     updatedRows: 1,
     updatedColumns: 3,
     updatedCells: 3 } }
{ spreadsheetId: '1iDy0cQwwqYt8r0sXkboT7lpAu7PbN2lABPBki0cV16Y',
  tableRange: '\'Página1\'!A1:C19',
  updates: 
   { spreadsheetId: '1iDy0cQwwqYt8r0sXkboT7lpAu7PbN2lABPBki0cV16Y',
     updatedRange: '\'Página1\'!A20:C20',
     updatedRows: 1,
     updatedColumns: 3,
     updatedCells: 3 } }
{ spreadsheetId: '1iDy0cQwwqYt8r0sXkboT7lpAu7PbN2lABPBki0cV16Y',
  tableRange: '\'Página1\'!A1:C20',
  updates: 
   { spreadsheetId: '1iDy0cQwwqYt8r0sXkboT7lpAu7PbN2lABPBki0cV16Y',
     updatedRange: '\'Página1\'!A21:C21',
     updatedRows: 1,
     updatedColumns: 3,
     updatedCells: 3 } }
{ spreadsheetId: '1iDy0cQwwqYt8r0sXkboT7lpAu7PbN2lABPBki0cV16Y',
  tableRange: '\'Página1\'!A1:C21',
  updates: 
   { spreadsheetId: '1iDy0cQwwqYt8r0sXkboT7lpAu7PbN2lABPBki0cV16Y',
     updatedRange: '\'Página1\'!A22:C22',
     updatedRows: 1,
     updatedColumns: 3,
     updatedCells: 3 } }
{ spreadsheetId: '1iDy0cQwwqYt8r0sXkboT7lpAu7PbN2lABPBki0cV16Y',
  tableRange: '\'Página1\'!A1:C22',
  updates: 
   { spreadsheetId: '1iDy0cQwwqYt8r0sXkboT7lpAu7PbN2lABPBki0cV16Y',
     updatedRange: '\'Página1\'!A23:C23',
     updatedRows: 1,
     updatedColumns: 3,
     updatedCells: 3 } }
{ spreadsheetId: '1iDy0cQwwqYt8r0sXkboT7lpAu7PbN2lABPBki0cV16Y',
  tableRange: '\'Página1\'!A1:C23',
  updates: 
   { spreadsheetId: '1iDy0cQwwqYt8r0sXkboT7lpAu7PbN2lABPBki0cV16Y',
     updatedRange: '\'Página1\'!A24:C24',
     updatedRows: 1,
     updatedColumns: 3,
     updatedCells: 3 } }
{ spreadsheetId: '1iDy0cQwwqYt8r0sXkboT7lpAu7PbN2lABPBki0cV16Y',
  tableRange: '\'Página1\'!A1:C24',
  updates: 
   { spreadsheetId: '1iDy0cQwwqYt8r0sXkboT7lpAu7PbN2lABPBki0cV16Y',
     updatedRange: '\'Página1\'!A25:C25',
     updatedRows: 1,
     updatedColumns: 3,
     updatedCells: 3 } }
{ spreadsheetId: '1iDy0cQwwqYt8r0sXkboT7lpAu7PbN2lABPBki0cV16Y',
  tableRange: '\'Página1\'!A1:C25',
  updates: 
   { spreadsheetId: '1iDy0cQwwqYt8r0sXkboT7lpAu7PbN2lABPBki0cV16Y',
     updatedRange: '\'Página1\'!A26:C26',
     updatedRows: 1,
     updatedColumns: 3,
     updatedCells: 3 } }
{ spreadsheetId: '1iDy0cQwwqYt8r0sXkboT7lpAu7PbN2lABPBki0cV16Y',
  tableRange: '\'Página1\'!A1:C26',
  updates: 
   { spreadsheetId: '1iDy0cQwwqYt8r0sXkboT7lpAu7PbN2lABPBki0cV16Y',
     updatedRange: '\'Página1\'!A27:C27',
     updatedRows: 1,
     updatedColumns: 3,
     updatedCells: 3 } }
{ spreadsheetId: '1iDy0cQwwqYt8r0sXkboT7lpAu7PbN2lABPBki0cV16Y',
  tableRange: '\'Página1\'!A1:C27',
  updates: 
   { spreadsheetId: '1iDy0cQwwqYt8r0sXkboT7lpAu7PbN2lABPBki0cV16Y',
     updatedRange: '\'Página1\'!A28:C28',
     updatedRows: 1,
     updatedColumns: 3,
     updatedCells: 3 } }
{ spreadsheetId: '1iDy0cQwwqYt8r0sXkboT7lpAu7PbN2lABPBki0cV16Y',
  tableRange: '\'Página1\'!A1:C28',
  updates: 
   { spreadsheetId: '1iDy0cQwwqYt8r0sXkboT7lpAu7PbN2lABPBki0cV16Y',
     updatedRange: '\'Página1\'!A29:C29',
     updatedRows: 1,
     updatedColumns: 3,
     updatedCells: 3 } }
{ spreadsheetId: '1iDy0cQwwqYt8r0sXkboT7lpAu7PbN2lABPBki0cV16Y',
  tableRange: '\'Página1\'!A1:C29',
  updates: 
   { spreadsheetId: '1iDy0cQwwqYt8r0sXkboT7lpAu7PbN2lABPBki0cV16Y',
     updatedRange: '\'Página1\'!A30:C30',
     updatedRows: 1,
     updatedColumns: 3,
     updatedCells: 3 } }
{ spreadsheetId: '1iDy0cQwwqYt8r0sXkboT7lpAu7PbN2lABPBki0cV16Y',
  tableRange: '\'Página1\'!A1:C30',
  updates: 
   { spreadsheetId: '1iDy0cQwwqYt8r0sXkboT7lpAu7PbN2lABPBki0cV16Y',
     updatedRange: '\'Página1\'!A31:C31',
     updatedRows: 1,
     updatedColumns: 3,
     updatedCells: 3 } }
{ spreadsheetId: '1iDy0cQwwqYt8r0sXkboT7lpAu7PbN2lABPBki0cV16Y',
  tableRange: '\'Página1\'!A1:C31',
  updates: 
   { spreadsheetId: '1iDy0cQwwqYt8r0sXkboT7lpAu7PbN2lABPBki0cV16Y',
     updatedRange: '\'Página1\'!A32:C32',
     updatedRows: 1,
     updatedColumns: 3,
     updatedCells: 3 } }
{ spreadsheetId: '1iDy0cQwwqYt8r0sXkboT7lpAu7PbN2lABPBki0cV16Y',
  tableRange: '\'Página1\'!A1:C32',
  updates: 
   { spreadsheetId: '1iDy0cQwwqYt8r0sXkboT7lpAu7PbN2lABPBki0cV16Y',
     updatedRange: '\'Página1\'!A33:C33',
     updatedRows: 1,
     updatedColumns: 3,
     updatedCells: 3 } }
{ spreadsheetId: '1iDy0cQwwqYt8r0sXkboT7lpAu7PbN2lABPBki0cV16Y',
  tableRange: '\'Página1\'!A1:C33',
  updates: 
   { spreadsheetId: '1iDy0cQwwqYt8r0sXkboT7lpAu7PbN2lABPBki0cV16Y',
     updatedRange: '\'Página1\'!A34:C34',
     updatedRows: 1,
     updatedColumns: 3,
     updatedCells: 3 } }
{ spreadsheetId: '1iDy0cQwwqYt8r0sXkboT7lpAu7PbN2lABPBki0cV16Y',
  tableRange: '\'Página1\'!A1:C34',
  updates: 
   { spreadsheetId: '1iDy0cQwwqYt8r0sXkboT7lpAu7PbN2lABPBki0cV16Y',
     updatedRange: '\'Página1\'!A35:C35',
     updatedRows: 1,
     updatedColumns: 3,
     updatedCells: 3 } }
{ spreadsheetId: '1iDy0cQwwqYt8r0sXkboT7lpAu7PbN2lABPBki0cV16Y',
  tableRange: '\'Página1\'!A1:C35',
  updates: 
   { spreadsheetId: '1iDy0cQwwqYt8r0sXkboT7lpAu7PbN2lABPBki0cV16Y',
     updatedRange: '\'Página1\'!A36:C36',
     updatedRows: 1,
     updatedColumns: 3,
     updatedCells: 3 } }
{ spreadsheetId: '1iDy0cQwwqYt8r0sXkboT7lpAu7PbN2lABPBki0cV16Y',
  tableRange: '\'Página1\'!A1:C36',
  updates: 
   { spreadsheetId: '1iDy0cQwwqYt8r0sXkboT7lpAu7PbN2lABPBki0cV16Y',
     updatedRange: '\'Página1\'!A37:C37',
     updatedRows: 1,
     updatedColumns: 3,
     updatedCells: 3 } }
{ spreadsheetId: '1iDy0cQwwqYt8r0sXkboT7lpAu7PbN2lABPBki0cV16Y',
  tableRange: '\'Página1\'!A1:C37',
  updates: 
   { spreadsheetId: '1iDy0cQwwqYt8r0sXkboT7lpAu7PbN2lABPBki0cV16Y',
     updatedRange: '\'Página1\'!A38:C38',
     updatedRows: 1,
     updatedColumns: 3,
     updatedCells: 3 } }
{ spreadsheetId: '1iDy0cQwwqYt8r0sXkboT7lpAu7PbN2lABPBki0cV16Y',
  tableRange: '\'Página1\'!A1:C38',
  updates: 
   { spreadsheetId: '1iDy0cQwwqYt8r0sXkboT7lpAu7PbN2lABPBki0cV16Y',
     updatedRange: '\'Página1\'!A39:C39',
     updatedRows: 1,
     updatedColumns: 3,
     updatedCells: 3 } }
